Using pre-set license
Built from '2020.3/staging' branch; Version is '2020.3.32f1 (12f8b0834f07) revision 1243312'; Using compiler version '192528614'; Build Type 'Release'
OS: 'Windows 10  (10.0.19044) 64bit Professional' Language: 'en' Physical Memory: 16332 MB
BatchMode: 1, IsHumanControllingUs: 0, StartBugReporterOnCrash: 0, Is64bit: 1, IsPro: 0

COMMAND LINE ARGUMENTS:
D:\Unity\2020.3.32f1\Editor\Unity.exe
-adb2
-batchMode
-noUpm
-name
AssetImportWorker0
-projectPath
D:/UnityGameExercises/TerrainMakingAndWalking/Peaceful walk
-logFile
Logs/AssetImportWorker0.log
-srvPort
55582
Successfully changed project path to: D:/UnityGameExercises/TerrainMakingAndWalking/Peaceful walk
D:/UnityGameExercises/TerrainMakingAndWalking/Peaceful walk
Using Asset Import Pipeline V2.
Refreshing native plugins compatible for Editor in 52.01 ms, found 2 plugins.
Preloading 0 native plugins for Editor in 0.00 ms.
Initialize engine version: 2020.3.32f1 (12f8b0834f07)
[Subsystems] Discovering subsystems at path D:/Unity/2020.3.32f1/Editor/Data/Resources/UnitySubsystems
[Subsystems] Discovering subsystems at path D:/UnityGameExercises/TerrainMakingAndWalking/Peaceful walk/Assets
GfxDevice: creating device client; threaded=0
Direct3D:
    Version:  Direct3D 11.0 [level 11.1]
    Renderer: Radeon RX 580 Series (ID=0x67df)
    Vendor:   
    VRAM:     8171 MB
    Driver:   30.0.14023.3004
Initialize mono
Mono path[0] = 'D:/Unity/2020.3.32f1/Editor/Data/Managed'
Mono path[1] = 'D:/Unity/2020.3.32f1/Editor/Data/MonoBleedingEdge/lib/mono/unityjit'
Mono config path = 'D:/Unity/2020.3.32f1/Editor/Data/MonoBleedingEdge/etc'
Using monoOptions --debugger-agent=transport=dt_socket,embedding=1,server=y,suspend=n,address=127.0.0.1:56036
Begin MonoManager ReloadAssembly
Registering precompiled unity dll's ...
Register platform support module: D:/Unity/2020.3.32f1/Editor/Data/PlaybackEngines/WindowsStandaloneSupport/UnityEditor.WindowsStandalone.Extensions.dll
Registered in 0.001819 seconds.
Native extension for WindowsStandalone target not found
Refreshing native plugins compatible for Editor in 51.60 ms, found 2 plugins.
Preloading 0 native plugins for Editor in 0.00 ms.
Mono: successfully reloaded assembly
- Completed reload, in  0.769 seconds
Domain Reload Profiling:
	ReloadAssembly (769ms)
		BeginReloadAssembly (104ms)
			ExecutionOrderSort (0ms)
			DisableScriptedObjects (0ms)
			BackupInstance (0ms)
			ReleaseScriptingObjects (0ms)
			CreateAndSetChildDomain (1ms)
		EndReloadAssembly (577ms)
			LoadAssemblies (103ms)
			RebuildTransferFunctionScriptingTraits (0ms)
			SetupTypeCache (190ms)
			ReleaseScriptCaches (0ms)
			RebuildScriptCaches (36ms)
			SetupLoadedEditorAssemblies (223ms)
				LogAssemblyErrors (0ms)
				InitializePlatformSupportModulesInManaged (5ms)
				SetLoadedEditorAssemblies (0ms)
				RefreshPlugins (52ms)
				BeforeProcessingInitializeOnLoad (19ms)
				ProcessInitializeOnLoadAttributes (111ms)
				ProcessInitializeOnLoadMethodAttributes (37ms)
				AfterProcessingInitializeOnLoad (0ms)
				EditorAssembliesLoaded (0ms)
			ExecutionOrderSort2 (0ms)
			AwakeInstancesAfterBackupRestoration (0ms)
Platform modules already initialized, skipping
Registering precompiled user dll's ...
Registered in 0.004422 seconds.
Begin MonoManager ReloadAssembly
Native extension for WindowsStandalone target not found
Refreshing native plugins compatible for Editor in 0.51 ms, found 2 plugins.
Preloading 0 native plugins for Editor in 0.00 ms.
Mono: successfully reloaded assembly
- Completed reload, in  1.323 seconds
Domain Reload Profiling:
	ReloadAssembly (1324ms)
		BeginReloadAssembly (221ms)
			ExecutionOrderSort (0ms)
			DisableScriptedObjects (6ms)
			BackupInstance (0ms)
			ReleaseScriptingObjects (0ms)
			CreateAndSetChildDomain (24ms)
		EndReloadAssembly (1025ms)
			LoadAssemblies (149ms)
			RebuildTransferFunctionScriptingTraits (0ms)
			SetupTypeCache (359ms)
			ReleaseScriptCaches (1ms)
			RebuildScriptCaches (53ms)
			SetupLoadedEditorAssemblies (382ms)
				LogAssemblyErrors (0ms)
				InitializePlatformSupportModulesInManaged (6ms)
				SetLoadedEditorAssemblies (1ms)
				RefreshPlugins (1ms)
				BeforeProcessingInitializeOnLoad (94ms)
				ProcessInitializeOnLoadAttributes (265ms)
				ProcessInitializeOnLoadMethodAttributes (13ms)
				AfterProcessingInitializeOnLoad (3ms)
				EditorAssembliesLoaded (0ms)
			ExecutionOrderSort2 (0ms)
			AwakeInstancesAfterBackupRestoration (10ms)
Platform modules already initialized, skipping
========================================================================
Worker process is ready to serve import requests
Launched and connected shader compiler UnityShaderCompiler.exe after 0.06 seconds
Refreshing native plugins compatible for Editor in 0.53 ms, found 2 plugins.
Preloading 0 native plugins for Editor in 0.00 ms.
Unloading 1521 Unused Serialized files (Serialized files now loaded: 0)
System memory in use before: 102.7 MB.
System memory in use after: 102.7 MB.

Unloading 16 unused Assets to reduce memory usage. Loaded Objects now: 1982.
Total: 3.250500 ms (FindLiveObjects: 0.161200 ms CreateObjectMapping: 0.040900 ms MarkObjects: 2.901100 ms  DeleteObjects: 0.145900 ms)

AssetImportParameters requested are different than current active one (requested -> active):
  custom:framework-win-MediaFoundation: 216162199b28c13a410421893ffa2e32 -> 
  custom:video-decoder-ogg-theora: a1e56fd34408186e4bbccfd4996cb3dc -> 
  custom:container-muxer-webm: aa71ff27fc2769a1b78a27578f13a17b -> 
  custom:container-demuxer-webm: 4f35f7cbe854078d1ac9338744f61a02 -> 
  custom:container-demuxer-ogg: 62fdf1f143b41e24485cea50d1cbac27 -> 
  custom:video-encoder-webm-vp8: eb34c28f22e8b96e1ab97ce403110664 -> 
  custom:video-decoder-webm-vp8: 9c59270c3fd7afecdb556c50c9e8de78 -> 
  custom:audio-decoder-ogg-vorbis: bf7c407c2cedff20999df2af8eb42d56 -> 
  custom:audio-encoder-webm-vorbis: bf7c407c2cedff20999df2af8eb42d56 -> 
========================================================================
Received Import Request.
  path: Assets/Fantasy Skybox FREE/Panoramics/FS003/FS003_Night_Moonless.png
  artifactKey: Guid(6185794ad33085a4a9f8446781cb8f15) Importer(815301076,1909f56bfc062723c751e8b465ee728b)
Start importing Assets/Fantasy Skybox FREE/Panoramics/FS003/FS003_Night_Moonless.png using Guid(6185794ad33085a4a9f8446781cb8f15) Importer(815301076,1909f56bfc062723c751e8b465ee728b)  -> (artifact id: 'c5e4dd00ddcdc5f731c524a6dc5f8b4d') in 0.211567 seconds 
========================================================================
Received Import Request.
  Time since last request: 0.000229 seconds.
  path: Assets/Fantasy Skybox FREE/Panoramics/FS003/FS003_Sunset.png
  artifactKey: Guid(846cce7d90ad21b4b80fcb937193081e) Importer(815301076,1909f56bfc062723c751e8b465ee728b)
Start importing Assets/Fantasy Skybox FREE/Panoramics/FS003/FS003_Sunset.png using Guid(846cce7d90ad21b4b80fcb937193081e) Importer(815301076,1909f56bfc062723c751e8b465ee728b)  -> (artifact id: 'd9fc28a67224f218ffd59e0fcb14f0cc') in 0.038782 seconds 
========================================================================
Received Import Request.
  Time since last request: 0.000353 seconds.
  path: Assets/Fantasy Skybox FREE/Panoramics/FS003/FS003_Snowy.png
  artifactKey: Guid(f4d685236ef56ef41a4ddef00508a2c5) Importer(815301076,1909f56bfc062723c751e8b465ee728b)
Start importing Assets/Fantasy Skybox FREE/Panoramics/FS003/FS003_Snowy.png using Guid(f4d685236ef56ef41a4ddef00508a2c5) Importer(815301076,1909f56bfc062723c751e8b465ee728b)  -> (artifact id: '11adbabca70ac871ceb3015ff0571ed7') in 0.038258 seconds 
========================================================================
Received Import Request.
  Time since last request: 0.000168 seconds.
  path: Assets/Fantasy Skybox FREE/Panoramics/FS003/FS003_Rainy.png
  artifactKey: Guid(ad211dc5ae928ef40b568736df2f62b0) Importer(815301076,1909f56bfc062723c751e8b465ee728b)
Start importing Assets/Fantasy Skybox FREE/Panoramics/FS003/FS003_Rainy.png using Guid(ad211dc5ae928ef40b568736df2f62b0) Importer(815301076,1909f56bfc062723c751e8b465ee728b)  -> (artifact id: '1112d42c3bcc18b67a8f728a5f9812e0') in 0.047266 seconds 
========================================================================
Received Import Request.
  Time since last request: 0.000163 seconds.
  path: Assets/Fantasy Skybox FREE/Panoramics/FS003/FS003_Sunrise.png
  artifactKey: Guid(c15e36d3819e8d14ab21ab119e3fd4a7) Importer(815301076,1909f56bfc062723c751e8b465ee728b)
Start importing Assets/Fantasy Skybox FREE/Panoramics/FS003/FS003_Sunrise.png using Guid(c15e36d3819e8d14ab21ab119e3fd4a7) Importer(815301076,1909f56bfc062723c751e8b465ee728b)  -> (artifact id: 'a8c907ec2bd33c6008b9bd33542dfee5') in 0.063938 seconds 
========================================================================
Received Import Request.
  Time since last request: 378.815154 seconds.
  path: Assets/Parks And Nature Pack/Prefab/ChairA.prefab
  artifactKey: Guid(24a898469d9c2394bb863db56a74b3d6) Importer(815301076,1909f56bfc062723c751e8b465ee728b)
Start importing Assets/Parks And Nature Pack/Prefab/ChairA.prefab using Guid(24a898469d9c2394bb863db56a74b3d6) Importer(815301076,1909f56bfc062723c751e8b465ee728b)  -> (artifact id: '2c5bf6088fb5928c4bb0807f990fe3ff') in 0.123088 seconds 
========================================================================
Received Import Request.
  Time since last request: 0.000242 seconds.
  path: Assets/Parks And Nature Pack/Prefab/Tree1.prefab
  artifactKey: Guid(17de3c1426f928b4e97bb2feeeb4d11e) Importer(815301076,1909f56bfc062723c751e8b465ee728b)
Start importing Assets/Parks And Nature Pack/Prefab/Tree1.prefab using Guid(17de3c1426f928b4e97bb2feeeb4d11e) Importer(815301076,1909f56bfc062723c751e8b465ee728b)  -> (artifact id: 'c1ab9c0c7c54af4e2afafea5f1ee3ba0') in 0.046694 seconds 
========================================================================
Received Import Request.
  Time since last request: 0.000183 seconds.
  path: Assets/Parks And Nature Pack/Prefab/GrassE.prefab
  artifactKey: Guid(7692fca38ff1e2a41a1150cb803fe20c) Importer(815301076,1909f56bfc062723c751e8b465ee728b)
Start importing Assets/Parks And Nature Pack/Prefab/GrassE.prefab using Guid(7692fca38ff1e2a41a1150cb803fe20c) Importer(815301076,1909f56bfc062723c751e8b465ee728b)  -> (artifact id: 'e7b1f7df1d9a214aa9fb419ab862c481') in 0.020104 seconds 
========================================================================
Received Import Request.
  Time since last request: 37.666795 seconds.
  path: Assets/Parks And Nature Pack/DataSource/ChairA.FBX
  artifactKey: Guid(1f1ec87c4cf7b8d45bba8f9a607aa21d) Importer(815301076,1909f56bfc062723c751e8b465ee728b)
Start importing Assets/Parks And Nature Pack/DataSource/ChairA.FBX using Guid(1f1ec87c4cf7b8d45bba8f9a607aa21d) Importer(815301076,1909f56bfc062723c751e8b465ee728b)  -> (artifact id: '7f46620e23bf6963f0ed79374ecae3ae') in 0.052231 seconds 
========================================================================
Received Import Request.
  Time since last request: 0.000167 seconds.
  path: Assets/Parks And Nature Pack/DataSource/GrassE.FBX
  artifactKey: Guid(619d19eb784382445b09e854bb73e335) Importer(815301076,1909f56bfc062723c751e8b465ee728b)
Start importing Assets/Parks And Nature Pack/DataSource/GrassE.FBX using Guid(619d19eb784382445b09e854bb73e335) Importer(815301076,1909f56bfc062723c751e8b465ee728b)  -> (artifact id: '1b901d3f26ea4049b7940023d72d6baf') in 0.023079 seconds 
========================================================================
Received Import Request.
  Time since last request: 0.000304 seconds.
  path: Assets/Parks And Nature Pack/DataSource/Tree1.FBX
  artifactKey: Guid(002c5d719ab1cef41877debff2067ab6) Importer(815301076,1909f56bfc062723c751e8b465ee728b)
Start importing Assets/Parks And Nature Pack/DataSource/Tree1.FBX using Guid(002c5d719ab1cef41877debff2067ab6) Importer(815301076,1909f56bfc062723c751e8b465ee728b)  -> (artifact id: '48333f884f39a89e9ce02f8fee02d442') in 0.039589 seconds 
========================================================================
Received Import Request.
  Time since last request: 55.898052 seconds.
  path: Assets/Parks And Nature Pack/DataSource/Textures/ChairA_mt1_D.tga
  artifactKey: Guid(312c9af0bdcc80042ad11d8c641fe72f) Importer(815301076,1909f56bfc062723c751e8b465ee728b)
Start importing Assets/Parks And Nature Pack/DataSource/Textures/ChairA_mt1_D.tga using Guid(312c9af0bdcc80042ad11d8c641fe72f) Importer(815301076,1909f56bfc062723c751e8b465ee728b)  -> (artifact id: '5c375b061d66f6b73d475e3fe1304038') in 0.017135 seconds 
========================================================================
Received Import Request.
  Time since last request: 72.265996 seconds.
  path: Assets/Parks And Nature Pack/DataSource/Textures/GrassE_mt1_D.tga
  artifactKey: Guid(f04f5fd15906774418048e8b576b7184) Importer(815301076,1909f56bfc062723c751e8b465ee728b)
Start importing Assets/Parks And Nature Pack/DataSource/Textures/GrassE_mt1_D.tga using Guid(f04f5fd15906774418048e8b576b7184) Importer(815301076,1909f56bfc062723c751e8b465ee728b)  -> (artifact id: 'c5f04cb5aacece40ba7df34080e1da99') in 0.012099 seconds 
========================================================================
Received Import Request.
  Time since last request: 0.000221 seconds.
  path: Assets/Parks And Nature Pack/DataSource/Textures/Tree1_mt2_D.TGA
  artifactKey: Guid(0937cf2b1a3afa94084e1d5d6e1ace64) Importer(815301076,1909f56bfc062723c751e8b465ee728b)
Start importing Assets/Parks And Nature Pack/DataSource/Textures/Tree1_mt2_D.TGA using Guid(0937cf2b1a3afa94084e1d5d6e1ace64) Importer(815301076,1909f56bfc062723c751e8b465ee728b)  -> (artifact id: 'c880413566b455a71e01348ef7272573') in 0.024951 seconds 
========================================================================
Received Import Request.
  Time since last request: 0.000223 seconds.
  path: Assets/Parks And Nature Pack/DataSource/Textures/Tree1_mt1_D.TGA
  artifactKey: Guid(022845bb27b26f14eb9ef45d211a8027) Importer(815301076,1909f56bfc062723c751e8b465ee728b)
Start importing Assets/Parks And Nature Pack/DataSource/Textures/Tree1_mt1_D.TGA using Guid(022845bb27b26f14eb9ef45d211a8027) Importer(815301076,1909f56bfc062723c751e8b465ee728b)  -> (artifact id: 'dbdac0e04a55a68379c7b76ae6b07f70') in 0.037860 seconds 
========================================================================
Received Import Request.
  Time since last request: 393.298182 seconds.
  path: Assets/Park props pack/Bench/Materials/No Name.mat
  artifactKey: Guid(254c4562512bb834ab68944ce3cb0654) Importer(815301076,1909f56bfc062723c751e8b465ee728b)
Start importing Assets/Park props pack/Bench/Materials/No Name.mat using Guid(254c4562512bb834ab68944ce3cb0654) Importer(815301076,1909f56bfc062723c751e8b465ee728b)  -> (artifact id: 'b18daf72951ecce170a9c3e027641ecb') in 0.044686 seconds 
========================================================================
Received Import Request.
  Time since last request: 1.328858 seconds.
  path: Assets/Park props pack/Bench/Textures/Bench.mat
  artifactKey: Guid(2505757ef4918ba4997e86029dbbfd7a) Importer(815301076,1909f56bfc062723c751e8b465ee728b)
Start importing Assets/Park props pack/Bench/Textures/Bench.mat using Guid(2505757ef4918ba4997e86029dbbfd7a) Importer(815301076,1909f56bfc062723c751e8b465ee728b)  -> (artifact id: 'b51232cd70fedbbb429fd6c079f4b559') in 0.174234 seconds 
========================================================================
Received Import Request.
  Time since last request: 0.000186 seconds.
  path: Assets/Park props pack/Bench/Textures/BenchSpecular.tga
  artifactKey: Guid(711585836ee58254cbbddceb600720e9) Importer(815301076,1909f56bfc062723c751e8b465ee728b)
Start importing Assets/Park props pack/Bench/Textures/BenchSpecular.tga using Guid(711585836ee58254cbbddceb600720e9) Importer(815301076,1909f56bfc062723c751e8b465ee728b)  -> (artifact id: '485d3180fe7e4e99d0df7f1e7eee6e30') in 0.016214 seconds 
========================================================================
Received Import Request.
  Time since last request: 0.000342 seconds.
  path: Assets/Park props pack/Bench/Textures/BenchNormal.tga
  artifactKey: Guid(4836b85bd7d9f0d49a365fa3997468bb) Importer(815301076,1909f56bfc062723c751e8b465ee728b)
Start importing Assets/Park props pack/Bench/Textures/BenchNormal.tga using Guid(4836b85bd7d9f0d49a365fa3997468bb) Importer(815301076,1909f56bfc062723c751e8b465ee728b)  -> (artifact id: '36c3d508e450babebbadb3f42ab8a643') in 0.015705 seconds 
========================================================================
Received Import Request.
  Time since last request: 0.000277 seconds.
  path: Assets/Park props pack/Bench/Textures/BenchDiffuse.tga
  artifactKey: Guid(5608d4d1ddf585344ada3887f46a6259) Importer(815301076,1909f56bfc062723c751e8b465ee728b)
Start importing Assets/Park props pack/Bench/Textures/BenchDiffuse.tga using Guid(5608d4d1ddf585344ada3887f46a6259) Importer(815301076,1909f56bfc062723c751e8b465ee728b)  -> (artifact id: '09bb86b887a37e86585933979a9111e0') in 0.014082 seconds 
========================================================================
Received Import Request.
  Time since last request: 0.000181 seconds.
  path: Assets/Park props pack/Bench/Textures/BenchAO.tga
  artifactKey: Guid(c41be7f49f665c941858d3145781c03e) Importer(815301076,1909f56bfc062723c751e8b465ee728b)
Start importing Assets/Park props pack/Bench/Textures/BenchAO.tga using Guid(c41be7f49f665c941858d3145781c03e) Importer(815301076,1909f56bfc062723c751e8b465ee728b)  -> (artifact id: '822b7fc81e9f12011b7364ac783024e9') in 0.020519 seconds 
========================================================================
Received Import Request.
  Time since last request: 5.032107 seconds.
  path: Assets/Park props pack/Lamps/Lamppost.FBX
  artifactKey: Guid(0af3b1d48c2f4874ca14126a2a08ae4f) Importer(815301076,1909f56bfc062723c751e8b465ee728b)
Start importing Assets/Park props pack/Lamps/Lamppost.FBX using Guid(0af3b1d48c2f4874ca14126a2a08ae4f) Importer(815301076,1909f56bfc062723c751e8b465ee728b)  -> (artifact id: '4fc66506bc50e344c698def574223144') in 0.085823 seconds 
========================================================================
Received Import Request.
  Time since last request: 0.000199 seconds.
  path: Assets/Park props pack/Lamps/lamppost.prefab
  artifactKey: Guid(b0a5d7b42c92dff429f919cfa54bd0a4) Importer(815301076,1909f56bfc062723c751e8b465ee728b)
Start importing Assets/Park props pack/Lamps/lamppost.prefab using Guid(b0a5d7b42c92dff429f919cfa54bd0a4) Importer(815301076,1909f56bfc062723c751e8b465ee728b)  -> (artifact id: 'f06946a351ec6a3a30b7a4d7b7640f24') in 0.051574 seconds 
========================================================================
Received Import Request.
  Time since last request: 0.000204 seconds.
  path: Assets/Park props pack/Lamps/Walllamp.prefab
  artifactKey: Guid(9e864959f8b9a5c47baee24f4b32c206) Importer(815301076,1909f56bfc062723c751e8b465ee728b)
Start importing Assets/Park props pack/Lamps/Walllamp.prefab using Guid(9e864959f8b9a5c47baee24f4b32c206) Importer(815301076,1909f56bfc062723c751e8b465ee728b)  -> (artifact id: 'a5852a6e26e60ea69b369daeaf5d32c9') in 0.045021 seconds 
========================================================================
Received Import Request.
  Time since last request: 0.000378 seconds.
  path: Assets/Park props pack/Lamps/lamppostSmall.prefab
  artifactKey: Guid(efa5e5878b1e1a644828ed0fbb1e73e6) Importer(815301076,1909f56bfc062723c751e8b465ee728b)
Start importing Assets/Park props pack/Lamps/lamppostSmall.prefab using Guid(efa5e5878b1e1a644828ed0fbb1e73e6) Importer(815301076,1909f56bfc062723c751e8b465ee728b)  -> (artifact id: '461e431fad31bf3a60c800bc51b48aeb') in 0.039086 seconds 
========================================================================
Received Import Request.
  Time since last request: 1.563173 seconds.
  path: Assets/Park props pack/Bench/Bench.FBX
  artifactKey: Guid(8687d948cead07944ae618b7bcf0c013) Importer(815301076,1909f56bfc062723c751e8b465ee728b)
Start importing Assets/Park props pack/Bench/Bench.FBX using Guid(8687d948cead07944ae618b7bcf0c013) Importer(815301076,1909f56bfc062723c751e8b465ee728b)  -> (artifact id: '042ce494445bd9294e44bfc3902c02f4') in 0.023338 seconds 
========================================================================
Received Import Request.
  Time since last request: 0.000262 seconds.
  path: Assets/Park props pack/Bench/Bench.prefab
  artifactKey: Guid(cc84a7ed9371ee046acb8b2a86978276) Importer(815301076,1909f56bfc062723c751e8b465ee728b)
Start importing Assets/Park props pack/Bench/Bench.prefab using Guid(cc84a7ed9371ee046acb8b2a86978276) Importer(815301076,1909f56bfc062723c751e8b465ee728b)  -> (artifact id: '2127d5186ca49d591e6b0e1e2ae53db7') in 0.023919 seconds 
========================================================================
Received Prepare
Registering precompiled user dll's ...
Registered in 0.003835 seconds.
Begin MonoManager ReloadAssembly
Native extension for WindowsStandalone target not found
Refreshing native plugins compatible for Editor in 0.57 ms, found 2 plugins.
Preloading 0 native plugins for Editor in 0.00 ms.
Mono: successfully reloaded assembly
- Completed reload, in  1.217 seconds
Domain Reload Profiling:
	ReloadAssembly (1217ms)
		BeginReloadAssembly (167ms)
			ExecutionOrderSort (0ms)
			DisableScriptedObjects (6ms)
			BackupInstance (0ms)
			ReleaseScriptingObjects (0ms)
			CreateAndSetChildDomain (45ms)
		EndReloadAssembly (977ms)
			LoadAssemblies (143ms)
			RebuildTransferFunctionScriptingTraits (0ms)
			SetupTypeCache (340ms)
			ReleaseScriptCaches (1ms)
			RebuildScriptCaches (53ms)
			SetupLoadedEditorAssemblies (355ms)
				LogAssemblyErrors (0ms)
				InitializePlatformSupportModulesInManaged (5ms)
				SetLoadedEditorAssemblies (1ms)
				RefreshPlugins (1ms)
				BeforeProcessingInitializeOnLoad (90ms)
				ProcessInitializeOnLoadAttributes (243ms)
				ProcessInitializeOnLoadMethodAttributes (12ms)
				AfterProcessingInitializeOnLoad (3ms)
				EditorAssembliesLoaded (0ms)
			ExecutionOrderSort2 (0ms)
			AwakeInstancesAfterBackupRestoration (9ms)
Platform modules already initialized, skipping
Refreshing native plugins compatible for Editor in 0.65 ms, found 2 plugins.
Preloading 0 native plugins for Editor in 0.00 ms.
Unloading 1507 Unused Serialized files (Serialized files now loaded: 0)
System memory in use before: 105.4 MB.
System memory in use after: 105.5 MB.

Unloading 11 unused Assets to reduce memory usage. Loaded Objects now: 2034.
Total: 3.584900 ms (FindLiveObjects: 0.311300 ms CreateObjectMapping: 0.070500 ms MarkObjects: 3.172700 ms  DeleteObjects: 0.028700 ms)

AssetImportParameters requested are different than current active one (requested -> active):
  custom:framework-win-MediaFoundation: 216162199b28c13a410421893ffa2e32 -> 
  custom:video-decoder-ogg-theora: a1e56fd34408186e4bbccfd4996cb3dc -> 
  custom:container-muxer-webm: aa71ff27fc2769a1b78a27578f13a17b -> 
  custom:container-demuxer-webm: 4f35f7cbe854078d1ac9338744f61a02 -> 
  custom:container-demuxer-ogg: 62fdf1f143b41e24485cea50d1cbac27 -> 
  custom:video-encoder-webm-vp8: eb34c28f22e8b96e1ab97ce403110664 -> 
  custom:video-decoder-webm-vp8: 9c59270c3fd7afecdb556c50c9e8de78 -> 
  custom:audio-decoder-ogg-vorbis: bf7c407c2cedff20999df2af8eb42d56 -> 
  custom:audio-encoder-webm-vorbis: bf7c407c2cedff20999df2af8eb42d56 -> 
========================================================================
Received Prepare
Registering precompiled user dll's ...
Registered in 0.003976 seconds.
Begin MonoManager ReloadAssembly
Native extension for WindowsStandalone target not found
Refreshing native plugins compatible for Editor in 1.21 ms, found 2 plugins.
Preloading 0 native plugins for Editor in 0.00 ms.
Mono: successfully reloaded assembly
- Completed reload, in  1.118 seconds
Domain Reload Profiling:
	ReloadAssembly (1119ms)
		BeginReloadAssembly (154ms)
			ExecutionOrderSort (0ms)
			DisableScriptedObjects (7ms)
			BackupInstance (0ms)
			ReleaseScriptingObjects (0ms)
			CreateAndSetChildDomain (41ms)
		EndReloadAssembly (895ms)
			LoadAssemblies (132ms)
			RebuildTransferFunctionScriptingTraits (0ms)
			SetupTypeCache (310ms)
			ReleaseScriptCaches (1ms)
			RebuildScriptCaches (43ms)
			SetupLoadedEditorAssemblies (330ms)
				LogAssemblyErrors (0ms)
				InitializePlatformSupportModulesInManaged (5ms)
				SetLoadedEditorAssemblies (1ms)
				RefreshPlugins (1ms)
				BeforeProcessingInitializeOnLoad (81ms)
				ProcessInitializeOnLoadAttributes (227ms)
				ProcessInitializeOnLoadMethodAttributes (11ms)
				AfterProcessingInitializeOnLoad (3ms)
				EditorAssembliesLoaded (0ms)
			ExecutionOrderSort2 (0ms)
			AwakeInstancesAfterBackupRestoration (8ms)
Platform modules already initialized, skipping
Refreshing native plugins compatible for Editor in 0.50 ms, found 2 plugins.
Preloading 0 native plugins for Editor in 0.00 ms.
Unloading 1507 Unused Serialized files (Serialized files now loaded: 0)
System memory in use before: 105.4 MB.
System memory in use after: 105.5 MB.

Unloading 11 unused Assets to reduce memory usage. Loaded Objects now: 2037.
Total: 3.441900 ms (FindLiveObjects: 0.208400 ms CreateObjectMapping: 0.045800 ms MarkObjects: 3.160400 ms  DeleteObjects: 0.025600 ms)

AssetImportParameters requested are different than current active one (requested -> active):
  custom:framework-win-MediaFoundation: 216162199b28c13a410421893ffa2e32 -> 
  custom:video-decoder-ogg-theora: a1e56fd34408186e4bbccfd4996cb3dc -> 
  custom:container-muxer-webm: aa71ff27fc2769a1b78a27578f13a17b -> 
  custom:container-demuxer-webm: 4f35f7cbe854078d1ac9338744f61a02 -> 
  custom:container-demuxer-ogg: 62fdf1f143b41e24485cea50d1cbac27 -> 
  custom:video-encoder-webm-vp8: eb34c28f22e8b96e1ab97ce403110664 -> 
  custom:video-decoder-webm-vp8: 9c59270c3fd7afecdb556c50c9e8de78 -> 
  custom:audio-decoder-ogg-vorbis: bf7c407c2cedff20999df2af8eb42d56 -> 
  custom:audio-encoder-webm-vorbis: bf7c407c2cedff20999df2af8eb42d56 -> 
AssetImportWorkerClient::OnTransportError - code=2 error=End of file
